<?xml version="1.0" encoding="UTF-8"?>
<testsuite name="com.obarra.littletaste.number.BigDecimalUtilTest" tests="1" skipped="0" failures="0" errors="0" timestamp="2019-06-10T00:41:52" hostname="obarra" time="0.004">
  <properties/>
  <testcase name="add" classname="com.obarra.littletaste.number.BigDecimalUtilTest" time="0.004"/>
  <system-out><![CDATA[]]></system-out>
  <system-err><![CDATA[]]></system-err>
</testsuite>
