<?xml version="1.0" encoding="UTF-8"?>
<testsuite name="com.obarra.littletaste.number.BigDecimalUtilTest" tests="5" skipped="0" failures="0" errors="0" timestamp="2019-06-09T18:05:50" hostname="obarra" time="0.004">
  <properties/>
  <testcase name="divide" classname="com.obarra.littletaste.number.BigDecimalUtilTest" time="0.002"/>
  <testcase name="addOther" classname="com.obarra.littletaste.number.BigDecimalUtilTest" time="0.0"/>
  <testcase name="add" classname="com.obarra.littletaste.number.BigDecimalUtilTest" time="0.0"/>
  <testcase name="rest" classname="com.obarra.littletaste.number.BigDecimalUtilTest" time="0.001"/>
  <testcase name="multiply" classname="com.obarra.littletaste.number.BigDecimalUtilTest" time="0.0"/>
  <system-out><![CDATA[]]></system-out>
  <system-err><![CDATA[]]></system-err>
</testsuite>
